<?xml version="1.0" encoding="UTF-8"?>
<!-- Generated by org.testng.reporters.JUnitReportReporter -->
<testsuite hostname="DESKTOP-5QLF42K" failures="0" tests="1" name="com.mystore.testcase.EndToEndTest" time="48.159" errors="0" timestamp="2024-07-11T22:04:14 IST" skipped="0">
  <testcase classname="com.mystore.testcase.EndToEndTest" name="endToEndTest" time="48.159"/>
  <system-out/>
</testsuite> <!-- com.mystore.testcase.EndToEndTest -->
