<?xml version="1.0" encoding="UTF-8"?>
<!-- Generated by org.testng.reporters.JUnitReportReporter -->
<testsuite hostname="DESKTOP-5QLF42K" failures="0" tests="3" name="com.mystore.testcase.AccountCreationTest" time="120.919" errors="0" timestamp="2024-07-02T21:26:57 IST" skipped="0">
  <testcase classname="com.mystore.testcase.AccountCreationTest" name="accountCreation" time="57.547"/>
  <system-out/>
  <testcase classname="com.mystore.testcase.AccountCreationTest" name="accountCreation" time="23.496"/>
  <system-out/>
  <testcase classname="com.mystore.testcase.AccountCreationTest" name="accountCreation" time="39.876"/>
  <system-out/>
</testsuite> <!-- com.mystore.testcase.AccountCreationTest -->
